02:05:10.210 [main] DEBUG com.intuit.karate.Suite - [config] classpath:karate-config.js
02:05:11.308 [main] DEBUG com.intuit.karate - request:
1 > GET http://api.geonames.org/timezoneJSON?username=karate&formatted=true&lat=8.9833&lng=-79.5167
1 > Host: api.geonames.org
1 > Connection: Keep-Alive
1 > User-Agent: Apache-HttpClient/4.5.14 (Java/17.0.12)
1 > Accept-Encoding: gzip,deflate


02:05:11.702 [main] DEBUG com.intuit.karate - response time in milliseconds: 393
1 < 200
1 < Date: Tue, 17 Dec 2024 07:05:11 GMT
1 < Server: Apache/2.4.6 (CentOS) mod_jk/1.2.46 OpenSSL/1.0.2k-fips
1 < Access-Control-Allow-Origin: *
1 < X-Frame-Options: sameorigin
1 < Cache-Control: no-cache
1 < Keep-Alive: timeout=5, max=100
1 < Connection: Keep-Alive
1 < Transfer-Encoding: chunked
1 < Content-Type: application/json;charset=UTF-8
{
  "sunrise": "2024-12-17 06:26",
  "lng": -79.5167,
  "countryCode": "PA",
  "gmtOffset": -5,
  "rawOffset": -5,
  "sunset": "2024-12-17 18:02",
  "timezoneId": "America/Panama",
  "dstOffset": -5,
  "countryName": "Panama",
  "time": "2024-12-17 02:05",
  "lat": 8.9833
}

02:05:11.736 [main] DEBUG com.intuit.karate - request:
1 > GET http://api.geonames.org/timezoneJSON?username=karate&formatted=true&lat=4.2&lng=-72.5
1 > Host: api.geonames.org
1 > Connection: Keep-Alive
1 > User-Agent: Apache-HttpClient/4.5.14 (Java/17.0.12)
1 > Accept-Encoding: gzip,deflate


02:05:12.097 [main] DEBUG com.intuit.karate - response time in milliseconds: 361
1 < 200
1 < Date: Tue, 17 Dec 2024 07:05:11 GMT
1 < Server: Apache/2.4.6 (CentOS) mod_jk/1.2.46 OpenSSL/1.0.2k-fips
1 < Access-Control-Allow-Origin: *
1 < X-Frame-Options: sameorigin
1 < Cache-Control: no-cache
1 < Keep-Alive: timeout=5, max=100
1 < Connection: Keep-Alive
1 < Transfer-Encoding: chunked
1 < Content-Type: application/json;charset=UTF-8
{
  "sunrise": "2024-12-17 05:49",
  "lng": -72.5,
  "countryCode": "CO",
  "gmtOffset": -5,
  "rawOffset": -5,
  "sunset": "2024-12-17 17:42",
  "timezoneId": "America/Bogota",
  "dstOffset": -5,
  "countryName": "Colombia",
  "time": "2024-12-17 02:05",
  "lat": 4.2
}

02:05:12.111 [main] DEBUG com.intuit.karate - request:
1 > GET http://api.geonames.org/timezoneJSON?username=karate&formatted=true&lat=8&lng=-8f
1 > Host: api.geonames.org
1 > Connection: Keep-Alive
1 > User-Agent: Apache-HttpClient/4.5.14 (Java/17.0.12)
1 > Accept-Encoding: gzip,deflate


02:05:12.476 [main] DEBUG com.intuit.karate - response time in milliseconds: 365
1 < 200
1 < Date: Tue, 17 Dec 2024 07:05:11 GMT
1 < Server: Apache/2.4.6 (CentOS) mod_jk/1.2.46 OpenSSL/1.0.2k-fips
1 < Access-Control-Allow-Origin: *
1 < X-Frame-Options: sameorigin
1 < Cache-Control: no-cache
1 < Keep-Alive: timeout=5, max=100
1 < Connection: Keep-Alive
1 < Transfer-Encoding: chunked
1 < Content-Type: application/json;charset=UTF-8
{
  "sunrise": "2024-12-17 06:38",
  "lng": -8,
  "countryCode": "CI",
  "gmtOffset": 0,
  "rawOffset": 0,
  "sunset": "2024-12-17 18:18",
  "timezoneId": "Africa/Abidjan",
  "dstOffset": 0,
  "countryName": "Ivory Coast",
  "time": "2024-12-17 07:05",
  "lat": 8
}

02:05:12.488 [main] DEBUG com.intuit.karate - request:
1 > GET http://api.geonames.org/timezoneJSON?username=karate&formatted=true&lat=-75&lng=80
1 > Host: api.geonames.org
1 > Connection: Keep-Alive
1 > User-Agent: Apache-HttpClient/4.5.14 (Java/17.0.12)
1 > Accept-Encoding: gzip,deflate


02:05:12.873 [main] DEBUG com.intuit.karate - response time in milliseconds: 384
1 < 200
1 < Date: Tue, 17 Dec 2024 07:05:12 GMT
1 < Server: Apache/2.4.6 (CentOS) mod_jk/1.2.46 OpenSSL/1.0.2k-fips
1 < Access-Control-Allow-Origin: *
1 < X-Frame-Options: sameorigin
1 < Cache-Control: no-cache
1 < Keep-Alive: timeout=5, max=100
1 < Connection: Keep-Alive
1 < Transfer-Encoding: chunked
1 < Content-Type: application/json;charset=UTF-8
{
  "lng": 80,
  "countryCode": "AQ",
  "gmtOffset": 7,
  "rawOffset": 7,
  "timezoneId": "Antarctica/Davis",
  "dstOffset": 7,
  "countryName": "Antarctica",
  "time": "2024-12-17 14:05",
  "lat": -75
}

02:05:12.885 [main] DEBUG com.intuit.karate - request:
1 > GET http://api.geonames.org/timezoneJSON?username=karate&formatted=true&lat=8.9833&lng=-79.5167
1 > Host: api.geonames.org
1 > Connection: Keep-Alive
1 > User-Agent: Apache-HttpClient/4.5.14 (Java/17.0.12)
1 > Accept-Encoding: gzip,deflate


02:05:13.282 [main] DEBUG com.intuit.karate - response time in milliseconds: 397
1 < 200
1 < Date: Tue, 17 Dec 2024 07:05:12 GMT
1 < Server: Apache/2.4.6 (CentOS) mod_jk/1.2.46 OpenSSL/1.0.2k-fips
1 < Access-Control-Allow-Origin: *
1 < X-Frame-Options: sameorigin
1 < Cache-Control: no-cache
1 < Keep-Alive: timeout=5, max=100
1 < Connection: Keep-Alive
1 < Transfer-Encoding: chunked
1 < Content-Type: application/json;charset=UTF-8
{
  "sunrise": "2024-12-17 06:26",
  "lng": -79.5167,
  "countryCode": "PA",
  "gmtOffset": -5,
  "rawOffset": -5,
  "sunset": "2024-12-17 18:02",
  "timezoneId": "America/Panama",
  "dstOffset": -5,
  "countryName": "Panama",
  "time": "2024-12-17 02:05",
  "lat": 8.9833
}

02:05:13.294 [main] DEBUG com.intuit.karate - request:
1 > GET http://api.geonames.org/timezoneJSON?username=karate&formatted=true&lat=a&lng=-79.5167
1 > Host: api.geonames.org
1 > Connection: Keep-Alive
1 > User-Agent: Apache-HttpClient/4.5.14 (Java/17.0.12)
1 > Accept-Encoding: gzip,deflate


02:05:13.641 [main] DEBUG com.intuit.karate - response time in milliseconds: 346
1 < 200
1 < Date: Tue, 17 Dec 2024 07:05:13 GMT
1 < Server: Apache/2.4.6 (CentOS) mod_jk/1.2.46 OpenSSL/1.0.2k-fips
1 < Access-Control-Allow-Origin: *
1 < X-Frame-Options: sameorigin
1 < Cache-Control: no-cache
1 < Content-Length: 69
1 < Keep-Alive: timeout=5, max=100
1 < Connection: Keep-Alive
1 < Content-Type: application/json;charset=UTF-8
{"status": {
  "message": "error parsing parameter",
  "value": 14
}}

02:05:13.651 [main] DEBUG com.intuit.karate - request:
1 > GET http://api.geonames.org/timezoneJSON?username=karate&formatted=true&lat=1&lng=s
1 > Host: api.geonames.org
1 > Connection: Keep-Alive
1 > User-Agent: Apache-HttpClient/4.5.14 (Java/17.0.12)
1 > Accept-Encoding: gzip,deflate


02:05:13.999 [main] DEBUG com.intuit.karate - response time in milliseconds: 348
1 < 200
1 < Date: Tue, 17 Dec 2024 07:05:13 GMT
1 < Server: Apache/2.4.6 (CentOS) mod_jk/1.2.46 OpenSSL/1.0.2k-fips
1 < Access-Control-Allow-Origin: *
1 < X-Frame-Options: sameorigin
1 < Cache-Control: no-cache
1 < Content-Length: 69
1 < Keep-Alive: timeout=5, max=100
1 < Connection: Keep-Alive
1 < Content-Type: application/json;charset=UTF-8
{"status": {
  "message": "error parsing parameter",
  "value": 14
}}

02:05:14.010 [main] DEBUG com.intuit.karate - request:
1 > GET http://api.geonames.org/timezoneJSON?username=karate&formatted=true&lat=%5D&lng=12
1 > Host: api.geonames.org
1 > Connection: Keep-Alive
1 > User-Agent: Apache-HttpClient/4.5.14 (Java/17.0.12)
1 > Accept-Encoding: gzip,deflate


02:05:14.357 [main] DEBUG com.intuit.karate - response time in milliseconds: 347
1 < 200
1 < Date: Tue, 17 Dec 2024 07:05:13 GMT
1 < Server: Apache/2.4.6 (CentOS) mod_jk/1.2.46 OpenSSL/1.0.2k-fips
1 < Access-Control-Allow-Origin: *
1 < X-Frame-Options: sameorigin
1 < Cache-Control: no-cache
1 < Content-Length: 69
1 < Keep-Alive: timeout=5, max=100
1 < Connection: Keep-Alive
1 < Content-Type: application/json;charset=UTF-8
{"status": {
  "message": "error parsing parameter",
  "value": 14
}}

02:05:14.366 [main] DEBUG com.intuit.karate - request:
1 > GET http://api.geonames.org/timezoneJSON?username=karate&formatted=true&lat=3&lng=-a25f
1 > Host: api.geonames.org
1 > Connection: Keep-Alive
1 > User-Agent: Apache-HttpClient/4.5.14 (Java/17.0.12)
1 > Accept-Encoding: gzip,deflate


02:05:14.712 [main] DEBUG com.intuit.karate - response time in milliseconds: 346
1 < 200
1 < Date: Tue, 17 Dec 2024 07:05:14 GMT
1 < Server: Apache/2.4.6 (CentOS) mod_jk/1.2.46 OpenSSL/1.0.2k-fips
1 < Access-Control-Allow-Origin: *
1 < X-Frame-Options: sameorigin
1 < Cache-Control: no-cache
1 < Content-Length: 69
1 < Keep-Alive: timeout=5, max=100
1 < Connection: Keep-Alive
1 < Content-Type: application/json;charset=UTF-8
{"status": {
  "message": "error parsing parameter",
  "value": 14
}}

02:05:14.721 [main] DEBUG com.intuit.karate - request:
1 > GET http://api.geonames.org/timezoneJSON?username=karate&formatted=true&lat=90&lng=34
1 > Host: api.geonames.org
1 > Connection: Keep-Alive
1 > User-Agent: Apache-HttpClient/4.5.14 (Java/17.0.12)
1 > Accept-Encoding: gzip,deflate


02:05:15.068 [main] DEBUG com.intuit.karate - response time in milliseconds: 347
1 < 200
1 < Date: Tue, 17 Dec 2024 07:05:14 GMT
1 < Server: Apache/2.4.6 (CentOS) mod_jk/1.2.46 OpenSSL/1.0.2k-fips
1 < Access-Control-Allow-Origin: *
1 < X-Frame-Options: sameorigin
1 < Cache-Control: no-cache
1 < Content-Length: 87
1 < Keep-Alive: timeout=5, max=100
1 < Connection: Keep-Alive
1 < Content-Type: application/json;charset=UTF-8
{"status": {
  "message": "no timezone information found for lat/lng",
  "value": 15
}}

02:05:54.052 [main] DEBUG com.intuit.karate.Suite - [config] classpath:karate-config.js
02:05:54.059 [main] INFO  com.intuit.karate.Suite - backed up existing 'target\karate-reports' dir to: target\karate-reports_1734419154055
02:16:20.944 [main] DEBUG com.intuit.karate.Suite - [config] classpath:karate-config.js
02:16:20.950 [main] INFO  com.intuit.karate.Suite - backed up existing 'target\karate-reports' dir to: target\karate-reports_1734419780947
02:16:22.090 [pool-1-thread-2] DEBUG com.intuit.karate - request:
1 > GET http://api.geonames.org/timezoneJSON?username=karate&formatted=true&lat=4.2&lng=-72.5
1 > Host: api.geonames.org
1 > Connection: Keep-Alive
1 > User-Agent: Apache-HttpClient/4.5.14 (Java/17.0.12)
1 > Accept-Encoding: gzip,deflate


02:16:22.090 [pool-1-thread-4] DEBUG com.intuit.karate - request:
1 > GET http://api.geonames.org/timezoneJSON?username=karate&formatted=true&lat=-75&lng=80
1 > Host: api.geonames.org
1 > Connection: Keep-Alive
1 > User-Agent: Apache-HttpClient/4.5.14 (Java/17.0.12)
1 > Accept-Encoding: gzip,deflate


02:16:22.090 [pool-1-thread-1] DEBUG com.intuit.karate - request:
1 > GET http://api.geonames.org/timezoneJSON?username=karate&formatted=true&lat=8.9833&lng=-79.5167
1 > Host: api.geonames.org
1 > Connection: Keep-Alive
1 > User-Agent: Apache-HttpClient/4.5.14 (Java/17.0.12)
1 > Accept-Encoding: gzip,deflate


02:16:22.090 [pool-1-thread-3] DEBUG com.intuit.karate - request:
1 > GET http://api.geonames.org/timezoneJSON?username=karate&formatted=true&lat=8&lng=-8f
1 > Host: api.geonames.org
1 > Connection: Keep-Alive
1 > User-Agent: Apache-HttpClient/4.5.14 (Java/17.0.12)
1 > Accept-Encoding: gzip,deflate


02:16:22.488 [pool-1-thread-2] DEBUG com.intuit.karate - response time in milliseconds: 396
1 < 200
1 < Date: Tue, 17 Dec 2024 07:16:21 GMT
1 < Server: Apache/2.4.6 (CentOS) mod_jk/1.2.46 OpenSSL/1.0.2k-fips
1 < Access-Control-Allow-Origin: *
1 < X-Frame-Options: sameorigin
1 < Cache-Control: no-cache
1 < Keep-Alive: timeout=5, max=100
1 < Connection: Keep-Alive
1 < Transfer-Encoding: chunked
1 < Content-Type: application/json;charset=UTF-8
{
  "sunrise": "2024-12-17 05:49",
  "lng": -72.5,
  "countryCode": "CO",
  "gmtOffset": -5,
  "rawOffset": -5,
  "sunset": "2024-12-17 17:42",
  "timezoneId": "America/Bogota",
  "dstOffset": -5,
  "countryName": "Colombia",
  "time": "2024-12-17 02:16",
  "lat": 4.2
}

02:16:22.489 [pool-1-thread-4] DEBUG com.intuit.karate - response time in milliseconds: 399
1 < 200
1 < Date: Tue, 17 Dec 2024 07:16:21 GMT
1 < Server: Apache/2.4.6 (CentOS) mod_jk/1.2.46 OpenSSL/1.0.2k-fips
1 < Access-Control-Allow-Origin: *
1 < X-Frame-Options: sameorigin
1 < Cache-Control: no-cache
1 < Keep-Alive: timeout=5, max=100
1 < Connection: Keep-Alive
1 < Transfer-Encoding: chunked
1 < Content-Type: application/json;charset=UTF-8
{
  "lng": 80,
  "countryCode": "AQ",
  "gmtOffset": 7,
  "rawOffset": 7,
  "timezoneId": "Antarctica/Davis",
  "dstOffset": 7,
  "countryName": "Antarctica",
  "time": "2024-12-17 14:16",
  "lat": -75
}

02:16:22.489 [pool-1-thread-3] DEBUG com.intuit.karate - response time in milliseconds: 399
1 < 200
1 < Date: Tue, 17 Dec 2024 07:16:21 GMT
1 < Server: Apache/2.4.6 (CentOS) mod_jk/1.2.46 OpenSSL/1.0.2k-fips
1 < Access-Control-Allow-Origin: *
1 < X-Frame-Options: sameorigin
1 < Cache-Control: no-cache
1 < Keep-Alive: timeout=5, max=100
1 < Connection: Keep-Alive
1 < Transfer-Encoding: chunked
1 < Content-Type: application/json;charset=UTF-8
{
  "sunrise": "2024-12-17 06:38",
  "lng": -8,
  "countryCode": "CI",
  "gmtOffset": 0,
  "rawOffset": 0,
  "sunset": "2024-12-17 18:18",
  "timezoneId": "Africa/Abidjan",
  "dstOffset": 0,
  "countryName": "Ivory Coast",
  "time": "2024-12-17 07:16",
  "lat": 8
}

02:16:22.492 [pool-1-thread-1] DEBUG com.intuit.karate - response time in milliseconds: 402
1 < 200
1 < Date: Tue, 17 Dec 2024 07:16:21 GMT
1 < Server: Apache/2.4.6 (CentOS) mod_jk/1.2.46 OpenSSL/1.0.2k-fips
1 < Access-Control-Allow-Origin: *
1 < X-Frame-Options: sameorigin
1 < Cache-Control: no-cache
1 < Keep-Alive: timeout=5, max=100
1 < Connection: Keep-Alive
1 < Transfer-Encoding: chunked
1 < Content-Type: application/json;charset=UTF-8
{
  "sunrise": "2024-12-17 06:26",
  "lng": -79.5167,
  "countryCode": "PA",
  "gmtOffset": -5,
  "rawOffset": -5,
  "sunset": "2024-12-17 18:02",
  "timezoneId": "America/Panama",
  "dstOffset": -5,
  "countryName": "Panama",
  "time": "2024-12-17 02:16",
  "lat": 8.9833
}

02:16:22.520 [pool-1-thread-1] DEBUG com.intuit.karate - request:
1 > GET http://api.geonames.org/timezoneJSON?username=karate&formatted=true&lat=1&lng=s
1 > Host: api.geonames.org
1 > Connection: Keep-Alive
1 > User-Agent: Apache-HttpClient/4.5.14 (Java/17.0.12)
1 > Accept-Encoding: gzip,deflate


02:16:22.522 [pool-1-thread-3] DEBUG com.intuit.karate - request:
1 > GET http://api.geonames.org/timezoneJSON?username=karate&formatted=true&lat=8.9833&lng=-79.5167
1 > Host: api.geonames.org
1 > Connection: Keep-Alive
1 > User-Agent: Apache-HttpClient/4.5.14 (Java/17.0.12)
1 > Accept-Encoding: gzip,deflate


02:16:22.522 [pool-1-thread-4] DEBUG com.intuit.karate - request:
1 > GET http://api.geonames.org/timezoneJSON?username=karate&formatted=true&lat=a&lng=-79.5167
1 > Host: api.geonames.org
1 > Connection: Keep-Alive
1 > User-Agent: Apache-HttpClient/4.5.14 (Java/17.0.12)
1 > Accept-Encoding: gzip,deflate


02:16:22.523 [pool-1-thread-2] DEBUG com.intuit.karate - request:
1 > GET http://api.geonames.org/timezoneJSON?username=karate&formatted=true&lat=%5D&lng=12
1 > Host: api.geonames.org
1 > Connection: Keep-Alive
1 > User-Agent: Apache-HttpClient/4.5.14 (Java/17.0.12)
1 > Accept-Encoding: gzip,deflate


02:16:22.867 [pool-1-thread-1] DEBUG com.intuit.karate - response time in milliseconds: 347
1 < 200
1 < Date: Tue, 17 Dec 2024 07:16:22 GMT
1 < Server: Apache/2.4.6 (CentOS) mod_jk/1.2.46 OpenSSL/1.0.2k-fips
1 < Access-Control-Allow-Origin: *
1 < X-Frame-Options: sameorigin
1 < Cache-Control: no-cache
1 < Content-Length: 69
1 < Keep-Alive: timeout=5, max=100
1 < Connection: Keep-Alive
1 < Content-Type: application/json;charset=UTF-8
{"status": {
  "message": "error parsing parameter",
  "value": 14
}}

02:16:22.868 [pool-1-thread-4] DEBUG com.intuit.karate - response time in milliseconds: 346
1 < 200
1 < Date: Tue, 17 Dec 2024 07:16:22 GMT
1 < Server: Apache/2.4.6 (CentOS) mod_jk/1.2.46 OpenSSL/1.0.2k-fips
1 < Access-Control-Allow-Origin: *
1 < X-Frame-Options: sameorigin
1 < Cache-Control: no-cache
1 < Content-Length: 69
1 < Keep-Alive: timeout=5, max=100
1 < Connection: Keep-Alive
1 < Content-Type: application/json;charset=UTF-8
{"status": {
  "message": "error parsing parameter",
  "value": 14
}}

02:16:22.868 [pool-1-thread-2] DEBUG com.intuit.karate - response time in milliseconds: 345
1 < 200
1 < Date: Tue, 17 Dec 2024 07:16:22 GMT
1 < Server: Apache/2.4.6 (CentOS) mod_jk/1.2.46 OpenSSL/1.0.2k-fips
1 < Access-Control-Allow-Origin: *
1 < X-Frame-Options: sameorigin
1 < Cache-Control: no-cache
1 < Content-Length: 69
1 < Keep-Alive: timeout=5, max=100
1 < Connection: Keep-Alive
1 < Content-Type: application/json;charset=UTF-8
{"status": {
  "message": "error parsing parameter",
  "value": 14
}}

02:16:22.876 [pool-1-thread-1] DEBUG com.intuit.karate - request:
1 > GET http://api.geonames.org/timezoneJSON?username=karate&formatted=true&lat=3&lng=-a25f
1 > Host: api.geonames.org
1 > Connection: Keep-Alive
1 > User-Agent: Apache-HttpClient/4.5.14 (Java/17.0.12)
1 > Accept-Encoding: gzip,deflate


02:16:22.879 [pool-1-thread-2] DEBUG com.intuit.karate - request:
1 > GET http://api.geonames.org/timezoneJSON?username=karate&formatted=true&lat=90&lng=34
1 > Host: api.geonames.org
1 > Connection: Keep-Alive
1 > User-Agent: Apache-HttpClient/4.5.14 (Java/17.0.12)
1 > Accept-Encoding: gzip,deflate


02:16:22.917 [pool-1-thread-3] DEBUG com.intuit.karate - response time in milliseconds: 395
1 < 200
1 < Date: Tue, 17 Dec 2024 07:16:22 GMT
1 < Server: Apache/2.4.6 (CentOS) mod_jk/1.2.46 OpenSSL/1.0.2k-fips
1 < Access-Control-Allow-Origin: *
1 < X-Frame-Options: sameorigin
1 < Cache-Control: no-cache
1 < Keep-Alive: timeout=5, max=100
1 < Connection: Keep-Alive
1 < Transfer-Encoding: chunked
1 < Content-Type: application/json;charset=UTF-8
{
  "sunrise": "2024-12-17 06:26",
  "lng": -79.5167,
  "countryCode": "PA",
  "gmtOffset": -5,
  "rawOffset": -5,
  "sunset": "2024-12-17 18:02",
  "timezoneId": "America/Panama",
  "dstOffset": -5,
  "countryName": "Panama",
  "time": "2024-12-17 02:16",
  "lat": 8.9833
}

02:16:23.222 [pool-1-thread-1] DEBUG com.intuit.karate - response time in milliseconds: 345
1 < 200
1 < Date: Tue, 17 Dec 2024 07:16:22 GMT
1 < Server: Apache/2.4.6 (CentOS) mod_jk/1.2.46 OpenSSL/1.0.2k-fips
1 < Access-Control-Allow-Origin: *
1 < X-Frame-Options: sameorigin
1 < Cache-Control: no-cache
1 < Content-Length: 69
1 < Keep-Alive: timeout=5, max=100
1 < Connection: Keep-Alive
1 < Content-Type: application/json;charset=UTF-8
{"status": {
  "message": "error parsing parameter",
  "value": 14
}}

02:16:23.225 [pool-1-thread-2] DEBUG com.intuit.karate - response time in milliseconds: 346
1 < 200
1 < Date: Tue, 17 Dec 2024 07:16:22 GMT
1 < Server: Apache/2.4.6 (CentOS) mod_jk/1.2.46 OpenSSL/1.0.2k-fips
1 < Access-Control-Allow-Origin: *
1 < X-Frame-Options: sameorigin
1 < Cache-Control: no-cache
1 < Content-Length: 87
1 < Keep-Alive: timeout=5, max=100
1 < Connection: Keep-Alive
1 < Content-Type: application/json;charset=UTF-8
{"status": {
  "message": "no timezone information found for lat/lng",
  "value": 15
}}

02:16:23.793 [pool-2-thread-1] INFO  com.intuit.karate.Suite - <<pass>> feature 1 of 1 (0 remaining) classpath:examples/GeoName/geographical-data-get.feature
